<?xml version="1.0" encoding="UTF-8"?>
<!-- Generated by org.testng.reporters.JUnitXMLReporter -->
<testsuite ignored="0" hostname="WBOX62" failures="1" tests="23" name="Test" time="249.561" errors="0" timestamp="2024-02-01T13:21:07 IST">
  <testcase classname="SSIAgroworlds.TraderPage" name="traderlogin" time="3.524"/>
  <testcase classname="SSIAgroworlds.TraderPage" name="homepage" time="8.197"/>
  <testcase classname="SSIAgroworlds.TraderPage" name="TradeDetails" time="0.981"/>
  <testcase classname="SSIAgroworlds.TraderPage" name="shipmentDetails" time="1.447"/>
  <testcase classname="SSIAgroworlds.TraderPage" name="productDetails" time="10.238"/>
  <testcase classname="SSIAgroworlds.TraderPage" name="sellerDetails" time="2.935"/>
  <testcase classname="SSIAgroworlds.TraderPage" name="buyerDetails" time="7.631"/>
  <testcase classname="SSIAgroworlds.TraderPage" name="sendReviewTrade" time="0.888"/>
  <testcase classname="SSIAgroworlds.BDMPage" name="bdmlogin" time="4.96"/>
  <testcase classname="SSIAgroworlds.BDMPage" name="bdmApprove" time="11.8"/>
  <testcase classname="SSIAgroworlds.BDMPage" name="sellerApprove" time="19.567"/>
  <testcase classname="SSIAgroworlds.BDMPage" name="buyerApprove" time="21.182"/>
  <testcase classname="SSIAgroworlds.ProcurementIRMPage" name="procIRMlogin" time="5.756"/>
  <testcase classname="SSIAgroworlds.ProcurementIRMPage" name="procurementApprove" time="20.51"/>
  <testcase classname="SSIAgroworlds.DocumentIRMPage" name="DocIRMlogin" time="4.792"/>
  <testcase classname="SSIAgroworlds.DocumentIRMPage" name="createContract" time="9.658"/>
  <testcase classname="SSIAgroworlds.DocumentIRMPage" name="approvalAccept" time="33.391">
    <failure type="org.openqa.selenium.NoSuchElementException" message="no such element: Unable to locate element: {&amp;quot;method&amp;quot;:&amp;quot;xpath&amp;quot;,&amp;quot;selector&amp;quot;:&amp;quot;//*[@id=&amp;quot;action-dropdown-wrapper&amp;quot;]/ul/li[1]/a&amp;quot;}
  (Session info: chrome=120.0.6099.225)
For documentation on this error, please visit: https://www.selenium.dev/documentation/webdriver/troubleshooting/errors#no-such-element-exception
Build info: version: &amp;apos;4.16.0&amp;apos;, revision: &amp;apos;15400459dd*&amp;apos;
System info: os.name: &amp;apos;Windows 10&amp;apos;, os.arch: &amp;apos;amd64&amp;apos;, os.version: &amp;apos;10.0&amp;apos;, java.version: &amp;apos;17.0.6&amp;apos;
Driver info: org.openqa.selenium.chrome.ChromeDriver
Command: [146f5534ae903b38feb1c1d74b2a144e, findElement {using=xpath, value=//*[@id=&amp;quot;action-dropdown-wrapper&amp;quot;]/ul/li[1]/a}]
Capabilities {acceptInsecureCerts: false, browserName: chrome, browserVersion: 120.0.6099.225, chrome: {chromedriverVersion: 120.0.6099.109 (3419140ab66..., userDataDir: C:\Users\wbox62\AppData\Loc...}, fedcm:accounts: true, goog:chromeOptions: {debuggerAddress: localhost:57990}, networkConnectionEnabled: false, pageLoadStrategy: normal, platformName: windows, proxy: Proxy(), se:cdp: ws://localhost:57990/devtoo..., se:cdpVersion: 120.0.6099.225, setWindowRect: true, strictFileInteractability: false, timeouts: {implicit: 0, pageLoad: 300000, script: 30000}, unhandledPromptBehavior: dismiss and notify, webauthn:extension:credBlob: true, webauthn:extension:largeBlob: true, webauthn:extension:minPinLength: true, webauthn:extension:prf: true, webauthn:virtualAuthenticators: true}
Session ID: 146f5534ae903b38feb1c1d74b2a144e">
      <![CDATA[org.openqa.selenium.NoSuchElementException: no such element: Unable to locate element: {"method":"xpath","selector":"//*[@id="action-dropdown-wrapper"]/ul/li[1]/a"}
  (Session info: chrome=120.0.6099.225)
For documentation on this error, please visit: https://www.selenium.dev/documentation/webdriver/troubleshooting/errors#no-such-element-exception
Build info: version: '4.16.0', revision: '15400459dd*'
System info: os.name: 'Windows 10', os.arch: 'amd64', os.version: '10.0', java.version: '17.0.6'
Driver info: org.openqa.selenium.chrome.ChromeDriver
Command: [146f5534ae903b38feb1c1d74b2a144e, findElement {using=xpath, value=//*[@id="action-dropdown-wrapper"]/ul/li[1]/a}]
Capabilities {acceptInsecureCerts: false, browserName: chrome, browserVersion: 120.0.6099.225, chrome: {chromedriverVersion: 120.0.6099.109 (3419140ab66..., userDataDir: C:\Users\wbox62\AppData\Loc...}, fedcm:accounts: true, goog:chromeOptions: {debuggerAddress: localhost:57990}, networkConnectionEnabled: false, pageLoadStrategy: normal, platformName: windows, proxy: Proxy(), se:cdp: ws://localhost:57990/devtoo..., se:cdpVersion: 120.0.6099.225, setWindowRect: true, strictFileInteractability: false, timeouts: {implicit: 0, pageLoad: 300000, script: 30000}, unhandledPromptBehavior: dismiss and notify, webauthn:extension:credBlob: true, webauthn:extension:largeBlob: true, webauthn:extension:minPinLength: true, webauthn:extension:prf: true, webauthn:virtualAuthenticators: true}
Session ID: 146f5534ae903b38feb1c1d74b2a144e
at org.openqa.selenium.remote.codec.w3c.W3CHttpResponseCodec.createException(W3CHttpResponseCodec.java:200)
at org.openqa.selenium.remote.codec.w3c.W3CHttpResponseCodec.decode(W3CHttpResponseCodec.java:133)
at org.openqa.selenium.remote.codec.w3c.W3CHttpResponseCodec.decode(W3CHttpResponseCodec.java:52)
at org.openqa.selenium.remote.HttpCommandExecutor.execute(HttpCommandExecutor.java:191)
at org.openqa.selenium.remote.service.DriverCommandExecutor.invokeExecute(DriverCommandExecutor.java:200)
at org.openqa.selenium.remote.service.DriverCommandExecutor.execute(DriverCommandExecutor.java:175)
at org.openqa.selenium.remote.RemoteWebDriver.execute(RemoteWebDriver.java:523)
at org.openqa.selenium.remote.ElementLocation$ElementFinder$2.findElement(ElementLocation.java:165)
at org.openqa.selenium.remote.ElementLocation.findElement(ElementLocation.java:59)
at org.openqa.selenium.remote.RemoteWebDriver.findElement(RemoteWebDriver.java:360)
at org.openqa.selenium.remote.RemoteWebDriver.findElement(RemoteWebDriver.java:354)
at org.openqa.selenium.support.pagefactory.DefaultElementLocator.findElement(DefaultElementLocator.java:68)
at org.openqa.selenium.support.pagefactory.internal.LocatingElementHandler.invoke(LocatingElementHandler.java:38)
at jdk.proxy2/jdk.proxy2.$Proxy28.click(Unknown Source)
at SSIAgroworlds.DocumentIRMPage.approvalAccept(DocumentIRMPage.java:149)
at java.base/java.util.ArrayList.forEach(ArrayList.java:1511)
... Removed 32 stack frames]]>
    </failure>
  </testcase> <!-- approvalAccept -->
  <testcase classname="SSIAgroworlds.DocumentIRMPage" name="generateContract" time="12.268"/>
  <testcase classname="SSIAgroworlds.DocumentExecutivePage" name="DocExecutivelogin" time="4.96"/>
  <testcase classname="SSIAgroworlds.DocumentExecutivePage" name="generateContract" time="6.316"/>
  <testcase classname="SSIAgroworlds.DocumentExecutivePage" name="defineStageApprove" time="15.026"/>
  <testcase classname="SSIAgroworlds.DocumentExecutivePage" name="tCdOCUMNET" time="8.549"/>
  <testcase classname="SSIAgroworlds.DocumentExecutivePage" name="contractRegistration" time="16.255"/>
</testsuite> <!-- Test -->
